<testsuite errors="0" failures="0" name="Django Project Tests" skips="0" tests="250" time="25.306"><testcase classname="serpng.lib.cookie_handler_tests.CookieHandler_DelimitersTest" name="test_build_cookie" time="0.000038" /><testcase classname="serpng.lib.cookie_handler_tests.CookieHandler_DelimitersTest" name="test_build_cookie_wo_domain" time="0.000039" /><testcase classname="serpng.lib.cookie_handler_tests.CookieHandler_DelimitersTest" name="test_sh2_demiliter" time="0.000019" /><testcase classname="serpng.lib.cookie_handler_tests.CookieHandler_DelimitersTest" name="test_sh_sess_demiliter" time="0.000018" /><testcase classname="serpng.lib.cookie_handler_tests.CookieHandler_DelimitersTest" name="test_sh_uid_demiliter" time="0.000017" /><testcase classname="serpng.lib.cookie_handler_tests.CookieHandler_DelimitersTest" name="test_shct_demiliter" time="0.000016" /><testcase classname="serpng.lib.cookie_handler_tests.CookieHandler_DelimitersTest" name="test_shua_demiliter" time="0.000018" /><testcase classname="serpng.lib.cookie_handler_tests.CookieHandler_DelimitersTest" name="test_shup_demiliter" time="0.000016" /><testcase classname="jobs.services.search.filters_tests.FiltersTestCase" name="test_filters_applied_filter" time="0.000631" /><testcase classname="jobs.services.search.filters_tests.FiltersTestCase" name="test_filters_cookies_has_collapsed_filter" time="0.000492" /><testcase classname="jobs.services.search.filters_tests.FiltersTestCase" name="test_filters_cookies_has_expanded_filter" time="0.000375" /><testcase classname="jobs.services.search.filters_tests.FiltersTestCase" name="test_filters_cookies_has_normal_filter" time="0.000432" /><testcase classname="jobs.services.search.filters_tests.FiltersTestCase" name="test_filters_normal_settings" time="0.000375" /><testcase classname="jobs.services.search.filters_tests.FiltersTestCase" name="test_filters_unexposed_filter" time="0.000371" /><testcase classname="jobs.services.search.filters_tests.FiltersTestCase" name="test_get_reset_all_filters_url_basic" time="0.000086" /><testcase classname="jobs.services.search.filters_tests.FiltersTestCase" name="test_get_reset_all_filters_url_empty" time="0.000054" /><testcase classname="jobs.services.search.filters_tests.FiltersTestCase" name="test_get_reset_all_filters_url_with_fdb" time="0.000059" /><testcase classname="jobs.services.search.filters_tests.FiltersTestCase" name="test_get_reset_all_filters_url_with_mi" time="0.000076" /><testcase classname="jobs.services.search.filters_tests.FiltersTestCase" name="test_get_reset_all_filters_url_with_mi_and_fdb" time="0.000059" /><testcase classname="jobs.services.search.filters_tests.FiltersTestCase" name="test_has_any_applied_filters_empty" time="0.000050" /><testcase classname="jobs.services.search.filters_tests.FiltersTestCase" name="test_has_any_applied_filters_with_applied_filters" time="0.000067" /><testcase classname="jobs.services.search.filters_tests.FiltersTestCase" name="test_has_any_applied_filters_with_fdb" time="0.000051" /><testcase classname="jobs.services.search.filters_tests.FiltersTestCase" name="test_has_any_applied_filters_with_mi" time="0.000049" /><testcase classname="serpng.lib.international_tests.InternationalUnitTests" name="test_get_country_name_with_unknown_country_code" time="0.000027" /><testcase classname="serpng.lib.international_tests.InternationalUnitTests" name="test_get_country_name_with_unknown_non_string" time="0.000024" /><testcase classname="serpng.lib.international_tests.InternationalUnitTests" name="test_get_region_name_with_non_string" time="0.000026" /><testcase classname="serpng.lib.international_tests.InternationalUnitTests" name="test_get_region_name_with_unknown_region_id" time="0.000024" /><testcase classname="jobs.services.search.job_tests.JobTestCase" name="test_empty_listing" time="0.000075" /><testcase classname="jobs.services.search.job_tests.JobTestCase" name="test_first_extraction_date" time="0.008308" /><testcase classname="jobs.services.search.job_tests.JobTestCase" name="test_good_copying_of_basic_listing_values" time="0.000116" /><testcase classname="jobs.services.search.job_tests.JobTestCase" name="test_is_new_false" time="0.000041" /><testcase classname="jobs.services.search.job_tests.JobTestCase" name="test_is_new_no" time="0.000095" /><testcase classname="jobs.services.search.job_tests.JobTestCase" name="test_is_new_yes" time="0.000104" /><testcase classname="jobs.services.search.job_tests.JobTestCase" name="test_is_organic_false" time="0.000041" /><testcase classname="jobs.services.search.job_tests.JobTestCase" name="test_is_organic_true" time="0.000085" /><testcase classname="jobs.services.search.job_tests.JobTestCase" name="test_is_simplyapply_web_false" time="0.000040" /><testcase classname="jobs.services.search.job_tests.JobTestCase" name="test_is_simplyapply_web_true" time="0.000084" /><testcase classname="jobs.services.search.job_tests.JobTestCase" name="test_is_viewed_false" time="0.000039" /><testcase classname="jobs.services.search.job_tests.JobTestCase" name="test_is_viewed_true" time="0.000084" /><testcase classname="jobs.services.search.job_tests.JobTestCase" name="test_more_locations" time="0.000070" /><testcase classname="jobs.services.search.job_tests.JobTestCase" name="test_more_tools_also_found_at" time="0.000064" /><testcase classname="jobs.services.search.job_tests.JobTestCase" name="test_more_tools_empty_listing" time="0.000058" /><testcase classname="jobs.services.search.job_tests.JobTestCase" name="test_more_tools_good_copying_of_basic_listing_values" time="0.000114" /><testcase classname="jobs.services.search.job_tests.JobTestCase" name="test_more_tools_local_portal_url" time="0.000088" /><testcase classname="jobs.services.search.job_tests.JobTestCase" name="test_more_tools_local_portal_url_none_cases" time="0.000083" /><testcase classname="jobs.services.search.job_tests.JobTestCase" name="test_more_tools_salary_tool_url" time="0.000648" /><testcase classname="jobs.services.search.job_tests.JobTestCase" name="test_more_tools_salary_tool_url_none_cases" time="0.000131" /><testcase classname="jobs.services.search.job_tests.JobTestCase" name="test_more_tools_salary_tool_url_with_non_chars" time="0.000097" /><testcase classname="jobs.services.search.job_tests.JobTestCase" name="test_more_tools_salary_tool_url_with_unicode" time="0.000113" /><testcase classname="jobs.services.search.job_tests.JobTestCase" name="test_more_tools_similar_search_strings" time="0.000050" /><testcase classname="jobs.services.search.job_tests.JobTestCase" name="test_more_tools_similar_search_urls" time="0.000050" /><testcase classname="jobs.services.search.job_tests.JobTestCase" name="test_more_tools_tool_urls" time="0.000058" /><testcase classname="jobs.services.search.job_tests.JobTestCase" name="test_non_zero_position" time="0.000042" /><testcase classname="jobs.services.search.job_tests.JobTestCase" name="test_source_with_source_name" time="0.000043" /><testcase classname="jobs.services.search.job_tests.JobTestCase" name="test_source_with_source_name_clip" time="0.000042" /><testcase classname="jobs.services.search.job_tests.JobTestCase" name="test_tags" time="0.000045" /><testcase classname="jobs.services.search.job_tests.JobTestCase" name="test_tool_strings" time="0.000049" /><testcase classname="jobs.views.jobs_test.JobView_LightboxKeywordTests" name="test_city_state_search" time="0.000065" /><testcase classname="jobs.views.jobs_test.JobView_LightboxKeywordTests" name="test_keywords_and_location_search" time="0.000043" /><testcase classname="jobs.views.jobs_test.JobView_LightboxKeywordTests" name="test_no_keywords_search" time="0.000040" /><testcase classname="jobs.views.jobs_test.JobView_LightboxKeywordTests" name="test_occupation_search" time="0.000043" /><testcase classname="jobs.views.jobs_test.JobView_LightboxKeywordTests" name="test_state_only_search" time="0.000041" /><testcase classname="jobs.views.jobs_test.JobView_RelatedJobsTest" name="test_rj_keywords" time="0.000173" /><testcase classname="jobs.views.jobs_test.JobView_RelatedJobsTest" name="test_rj_keywords_and_filer" time="0.000132" /><testcase classname="jobs.views.jobs_test.JobView_RelatedJobsTest" name="test_rj_keywords_and_location" time="0.000218" /><testcase classname="jobs.views.jobs_test.JobView_ShowJobIrSameTabTests" name="test_no_cookies" time="0.000047" /><testcase classname="jobs.views.jobs_test.JobView_ShowJobIrSameTabTests" name="test_uajobsnewwindow_false" time="0.000079" /><testcase classname="jobs.views.jobs_test.JobView_ShowJobIrSameTabTests" name="test_uajobsnewwindow_true" time="0.000038" /><testcase classname="jobs.views.jobs_test.JobView_SortUrlTests" name="test_date_sort_url" time="0.000352" /><testcase classname="jobs.views.jobs_test.JobView_SortUrlTests" name="test_date_sort_url_page2" time="0.000306" /><testcase classname="jobs.views.jobs_test.JobView_SortUrlTests" name="test_rel_sort_url" time="0.000255" /><testcase classname="jobs.views.jobs_test.JobView_SortUrlTests" name="test_rel_sort_url_location" time="0.000293" /><testcase classname="jobs.views.jobs_test.JobView_SortUrlTests" name="test_rel_sort_url_page2" time="0.000294" /><testcase classname="jobs.jobs_app_refreshed_test.jobs_app_test.JobsAppTest" name="test_breadcrumbs_industry" time="3.485405" /><testcase classname="jobs.jobs_app_refreshed_test.jobs_app_test.JobsAppTest" name="test_breadcrumbs_onet" time="1.274909" /><testcase classname="jobs.jobs_app_refreshed_test.jobs_app_test.JobsAppTest" name="test_cohighlight_company" time="1.203827" /><testcase classname="jobs.jobs_app_refreshed_test.jobs_app_test.JobsAppTest" name="test_cohighlight_keyword" time="1.204069" /><testcase classname="jobs.jobs_app_refreshed_test.jobs_app_test.JobsAppTest" name="test_emailalert_nopresetemail" time="1.432206" /><testcase classname="jobs.jobs_app_refreshed_test.jobs_app_test.JobsAppTest" name="test_error_dang" time="0.347775" /><testcase classname="jobs.jobs_app_refreshed_test.jobs_app_test.JobsAppTest" name="test_head_default" time="1.164815" /><testcase classname="jobs.jobs_app_refreshed_test.jobs_app_test.JobsAppTest" name="test_head_filters" time="1.315140" /><testcase classname="jobs.jobs_app_refreshed_test.jobs_app_test.JobsAppTest" name="test_head_higherpagenum" time="1.181996" /><testcase classname="jobs.jobs_app_refreshed_test.jobs_app_test.JobsAppTest" name="test_jobcount_default" time="1.392401" /><testcase classname="jobs.jobs_app_refreshed_test.jobs_app_test.JobsAppTest" name="test_jobcount_higherpagenum" time="1.183830" /><testcase classname="jobs.jobs_app_refreshed_test.jobs_app_test.JobsAppTest" name="test_search_form" time="1.281604" /><testcase classname="jobs.jobs_app_refreshed_test.jobs_app_test.JobsAppTest" name="test_simply_apply" time="0.957048" /><testcase classname="jobs.jobs_app_refreshed_test.jobs_app_test.JobsAppTest" name="test_sj_label_and_divider" time="1.124578" /><testcase classname="jobs.jobs_app_refreshed_test.jobs_app_test.JobsAppTest" name="test_sj_no_label_and_divider" time="1.381823" /><testcase classname="jobs.jobs_app_refreshed_test.jobs_app_test.JobsAppTest" name="test_tool_hide" time="1.239561" /><testcase classname="jobs.jobs_app_refreshed_test.jobs_app_test.JobsAppTest" name="test_visited_job_links" time="1.215106" /><testcase classname="jobs.services.linkedin_api_tests.LinkedInAPITestCase" name="test_get_access_token" time="0.002138" /><testcase classname="jobs.services.linkedin_api_tests.LinkedInAPITestCase" name="test_get_access_token_assertion_error" time="0.000785" /><testcase classname="jobs.services.linkedin_api_tests.LinkedInAPITestCase" name="test_get_access_token_linkedin_error" time="0.000880" /><testcase classname="jobs.services.linkedin_api_tests.LinkedInAPITestCase" name="test_get_access_token_linkedin_http_error" time="0.002922" /><testcase classname="jobs.services.linkedin_api_tests.LinkedInAPITestCase" name="test_get_authentication" time="0.000495" /><testcase classname="serpng.lib.logging_utils_tests.LoggingTests" name="test_default_stack_frame_logging" time="0.000510" /><testcase classname="serpng.lib.logging_utils_tests.LoggingTests" name="test_serpng_stack_frame_logging" time="0.000670" /><testcase classname="jobs.services.search.pagination_tests.PaginationTestCase" name="test_empty_pagination" time="0.000031" /><testcase classname="jobs.services.search.pagination_tests.PaginationTestCase" name="test_good_copying_of_basic_pagination_values" time="0.000042" /><testcase classname="jobs.services.search.pagination_tests.PaginationTestCase" name="test_no_next_or_prev_links" time="0.000023" /><testcase classname="serpng.lib.querylib_tests.QueryLib_LegacyMappingTests" name="test_map_to_legacy_advanced_search" time="0.000387" /><testcase classname="serpng.lib.querylib_tests.QueryLib_LegacyMappingTests" name="test_map_to_legacy_filters" time="0.000424" /><testcase classname="serpng.lib.querylib_tests.QueryLib_LegacyMappingTests" name="test_map_to_legacy_title_filter" time="0.000367" /><testcase classname="serpng.lib.querylib_tests.QueryLib_Query" name="test_bad_query" time="0.000079" /><testcase classname="serpng.lib.querylib_tests.QueryLib_Query" name="test_good_regular_request_and_resume_query_1" time="0.000134" /><testcase classname="serpng.lib.querylib_tests.QueryLib_Query" name="test_good_regular_request_and_resume_query_2" time="0.000154" /><testcase classname="serpng.lib.querylib_tests.QueryLib_Query" name="test_good_resume_request_and_resume_query_1" time="0.000153" /><testcase classname="serpng.lib.querylib_tests.QueryLib_Query" name="test_good_resume_request_and_resume_query_2" time="0.000125" /><testcase classname="serpng.lib.querylib_tests.QueryLib_Query" name="test_query_with_plus" time="0.000148" /><testcase classname="serpng.lib.querylib_tests.QueryLib_Query" name="test_query_with_slash" time="0.000138" /><testcase classname="serpng.lib.querylib_tests.QueryLib_Query" name="test_remove_defaults_from_path" time="0.000217" /><testcase classname="serpng.lib.querylib_tests.QueryLib_Query" name="test_remove_keys_with_empty_values" time="0.000213" /><testcase classname="serpng.lib.querylib_tests.QueryLib_QueryKeywordTests" name="test_2_digit_onet_query" time="0.000139" /><testcase classname="serpng.lib.querylib_tests.QueryLib_QueryKeywordTests" name="test_and_query" time="0.000109" /><testcase classname="serpng.lib.querylib_tests.QueryLib_QueryKeywordTests" name="test_bad_default_query_type" time="0.000087" /><testcase classname="serpng.lib.querylib_tests.QueryLib_QueryKeywordTests" name="test_combo_query" time="0.000212" /><testcase classname="serpng.lib.querylib_tests.QueryLib_QueryKeywordTests" name="test_company_query" time="0.000129" /><testcase classname="serpng.lib.querylib_tests.QueryLib_QueryKeywordTests" name="test_complete_onet_query" time="0.000135" /><testcase classname="serpng.lib.querylib_tests.QueryLib_QueryKeywordTests" name="test_empty_query" time="0.000070" /><testcase classname="serpng.lib.querylib_tests.QueryLib_QueryKeywordTests" name="test_exact_phrase_query" time="0.000112" /><testcase classname="serpng.lib.querylib_tests.QueryLib_QueryKeywordTests" name="test_industry_query" time="0.000098" /><testcase classname="serpng.lib.querylib_tests.QueryLib_QueryKeywordTests" name="test_keyword_defaulting" time="0.000070" /><testcase classname="serpng.lib.querylib_tests.QueryLib_QueryKeywordTests" name="test_not_query" time="0.000117" /><testcase classname="serpng.lib.querylib_tests.QueryLib_QueryKeywordTests" name="test_onet_query_with_dash_separator" time="0.000129" /><testcase classname="serpng.lib.querylib_tests.QueryLib_QueryKeywordTests" name="test_or_query" time="0.000111" /><testcase classname="serpng.lib.querylib_tests.QueryLib_QueryKeywordTests" name="test_plain_query" time="0.000099" /><testcase classname="serpng.lib.querylib_tests.QueryLib_QueryKeywordTests" name="test_title_query" time="0.000106" /><testcase classname="serpng.lib.querylib_tests.QueryLib_QueryLocationTests" name="test_bad_default_query_type" time="0.000074" /><testcase classname="serpng.lib.querylib_tests.QueryLib_QueryLocationTests" name="test_city_query" time="0.000119" /><testcase classname="serpng.lib.querylib_tests.QueryLib_QueryLocationTests" name="test_city_state_query" time="0.000122" /><testcase classname="serpng.lib.querylib_tests.QueryLib_QueryLocationTests" name="test_city_state_zip_query" time="0.000155" /><testcase classname="serpng.lib.querylib_tests.QueryLib_QueryLocationTests" name="test_location_defaulting" time="0.000086" /><testcase classname="serpng.lib.querylib_tests.QueryLib_QueryLocationTests" name="test_location_query" time="0.150436" /><testcase classname="serpng.lib.querylib_tests.QueryLib_QueryLocationTests" name="test_state_query" time="0.000158" /><testcase classname="serpng.lib.querylib_tests.QueryLib_ResumeQueryTests" name="test_has_resume_and_myresume_query" time="0.000213" /><testcase classname="serpng.lib.querylib_tests.QueryLib_ResumeQueryTests" name="test_has_resume_and_myresume_query_cap" time="0.000103" /><testcase classname="serpng.lib.querylib_tests.QueryLib_ResumeQueryTests" name="test_has_resume_and_no_query" time="0.000100" /><testcase classname="serpng.lib.querylib_tests.QueryLib_ResumeQueryTests" name="test_has_resume_and_not_myresume_query" time="0.000102" /><testcase classname="jobs.views.search_test.SeachViewTest" name="test_extraneous_query_param" time="0.000297" /><testcase classname="jobs.views.search_test.SeachViewTest" name="test_keyword" time="0.000209" /><testcase classname="jobs.views.search_test.SeachViewTest" name="test_keywords" time="0.000217" /><testcase classname="jobs.views.search_test.SeachViewTest" name="test_keywords_with_slash" time="0.000210" /><testcase classname="jobs.views.search_test.SeachViewTest" name="test_location" time="0.000241" /><testcase classname="jobs.views.search_test.SeachViewTest" name="test_location_and_default_miles_radius" time="0.000251" /><testcase classname="jobs.views.search_test.SeachViewTest" name="test_location_miles_radius" time="0.000254" /><testcase classname="jobs.views.search_test.SeachViewTest" name="test_no_keywords" time="0.000174" /><testcase classname="jobs.views.search_test.SeachViewTest" name="test_no_location" time="0.000203" /><testcase classname="jobs.services.search.search_result_tests.SearchResultTestCase" name="test_bad_search_result" time="0.000092" /><testcase classname="jobs.services.search.search_result_tests.SearchResultTestCase" name="test_canonical_url" time="0.000107" /><testcase classname="jobs.services.search.search_result_tests.SearchResultTestCase" name="test_display_breadcrumbs" time="0.000064" /><testcase classname="jobs.services.search.search_result_tests.SearchResultTestCase" name="test_dup_expansion_text" time="0.000090" /><testcase classname="jobs.services.search.search_result_tests.SearchResultTestCase" name="test_good_construction_of_filters" time="0.000091" /><testcase classname="jobs.services.search.search_result_tests.SearchResultTestCase" name="test_good_construction_of_jobs" time="0.000104" /><testcase classname="jobs.services.search.search_result_tests.SearchResultTestCase" name="test_good_construction_of_pagination" time="0.000088" /><testcase classname="jobs.services.search.search_result_tests.SearchResultTestCase" name="test_good_copying_of_basic_values" time="0.000107" /><testcase classname="jobs.services.search.search_result_tests.SearchResultTestCase" name="test_good_default_values" time="0.000078" /><testcase classname="jobs.services.search.search_result_tests.SearchResultTestCase" name="test_onet_category" time="0.000054" /><testcase classname="jobs.services.search.search_result_tests.SearchResultTestCase" name="test_page_title" time="0.000060" /><testcase classname="jobs.services.search.search_result_tests.SearchResultTestCase" name="test_search_location_city_state" time="0.000060" /><testcase classname="jobs.services.search.search_result_tests.SearchResultTestCase" name="test_search_title" time="0.000060" /><testcase classname="jobs.services.search.search_result_tests.SearchResultTestCase" name="test_wdik_companies" time="0.000135" /><testcase classname="jobs.services.search.search_result_tests.SearchResultTestCase" name="test_wdik_offset" time="0.000061" /><testcase classname="jobs.services.search.search_tests.SearchTestCase" name="test_301_error" time="0.005051" /><testcase classname="jobs.services.search.search_tests.SearchTestCase" name="test_302_error" time="0.001220" /><testcase classname="jobs.services.search.search_tests.SearchTestCase" name="test_bridge_has_shab_cookie" time="0.006230" /><testcase classname="jobs.services.search.search_tests.SearchTestCase" name="test_bridge_url_and_en_us_domain" time="0.001269" /><testcase classname="jobs.services.search.search_tests.SearchTestCase" name="test_en_ca_domain" time="0.001410" /><testcase classname="jobs.services.search.search_tests.SearchTestCase" name="test_fr_ca_domain" time="0.004772" /><testcase classname="jobs.services.search.search_tests.SearchTestCase" name="test_good_bridge_response" time="0.001991" /><testcase classname="jobs.services.search.search_tests.SearchTestCase" name="test_good_bridge_response_for_result_no_jobs" time="0.004602" /><testcase classname="jobs.services.search.search_tests.SearchTestCase" name="test_http_error" time="0.004444" /><testcase classname="jobs.services.search.search_tests.SearchTestCase" name="test_json_decode_error" time="0.001527" /><testcase classname="jobs.services.search.search_tests.SearchTestCase" name="test_raise_no_query_terms_error" time="0.000081" /><testcase classname="jobs.services.search.search_tests.SearchTestCase" name="test_shab_cookie" time="0.001513" /><testcase classname="serpng.lib.serp_links_utils_tests.SerpLinksUtilsTestCase" name="test_future_basic_filters" time="0.061960" /><testcase classname="serpng.lib.serp_links_utils_tests.SerpLinksUtilsTestCase" name="test_future_email_alert_dialog_content" time="0.052271" /><testcase classname="serpng.lib.serp_links_utils_tests.SerpLinksUtilsTestCase" name="test_future_intl_dropdown_html" time="0.051915" /><testcase classname="serpng.lib.serp_links_utils_tests.SerpLinksUtilsTestCase" name="test_future_legal_links_ca" time="0.063012" /><testcase classname="serpng.lib.serp_links_utils_tests.SerpLinksUtilsTestCase" name="test_future_legal_links_us" time="0.034046" /><testcase classname="serpng.lib.serp_links_utils_tests.SerpLinksUtilsTestCase" name="test_future_pagination_html" time="0.028153" /><testcase classname="serpng.lib.serp_links_utils_tests.SerpLinksUtilsTestCase" name="test_future_signin_link_ca" time="0.028851" /><testcase classname="serpng.lib.serp_links_utils_tests.SerpLinksUtilsTestCase" name="test_future_signin_link_us" time="0.027087" /><testcase classname="serpng.lib.speed_logging_utils_tests.SpeedLoggingTests" name="test_django_success" time="0.000251" /><testcase classname="serpng.lib.speed_logging_utils_tests.SpeedLoggingTests" name="test_failure_read_browser_speed_data_missing_performance" time="0.417640" /><testcase classname="serpng.lib.speed_logging_utils_tests.SpeedLoggingTests" name="test_failure_read_browser_speed_data_missing_request_id" time="0.123159" /><testcase classname="serpng.lib.speed_logging_utils_tests.SpeedLoggingTests" name="test_failure_read_browser_speed_data_not_json" time="0.191226" /><testcase classname="serpng.lib.speed_logging_utils_tests.SpeedLoggingTests" name="test_failures_debug" time="0.561340" /><testcase classname="serpng.lib.speed_logging_utils_tests.SpeedLoggingTests" name="test_failures_production" time="0.856870" /><testcase classname="serpng.lib.speed_logging_utils_tests.SpeedLoggingTests" name="test_php_bridge_success" time="0.000248" /><testcase classname="serpng.lib.speed_logging_utils_tests.SpeedLoggingTests" name="test_success_read_browser_speed_data" time="0.000133" /><testcase classname="middleware_cookie_tests.TestCookieMiddleware" name="test_cookie_domain" time="0.000845" /><testcase classname="middleware_cookie_tests.TestCookieMiddleware" name="test_cookie_domain_ca" time="0.000582" /><testcase classname="middleware_cookie_tests.TestCookieMiddleware" name="test_cookie_path" time="0.000579" /><testcase classname="middleware_cookie_tests.TestCookieMiddleware" name="test_expiration_date" time="0.000580" /><testcase classname="middleware_cookie_tests.TestCookieMiddleware" name="test_intl_source_1" time="0.000973" /><testcase classname="middleware_cookie_tests.TestCookieMiddleware" name="test_intl_source_2" time="0.001111" /><testcase classname="middleware_cookie_tests.TestCookieMiddleware" name="test_intl_source_3" time="0.001158" /><testcase classname="middleware_cookie_tests.TestCookieMiddleware" name="test_new_user" time="0.000309" /><testcase classname="middleware_cookie_tests.TestCookieMiddleware" name="test_no_cookie_1" time="0.012503" /><testcase classname="middleware_cookie_tests.TestCookieMiddleware" name="test_no_cookies" time="0.000588" /><testcase classname="middleware_cookie_tests.TestCookieMiddleware" name="test_partner_traffic_source_1" time="0.000586" /><testcase classname="middleware_cookie_tests.TestCookieMiddleware" name="test_partner_traffic_source_2" time="0.000629" /><testcase classname="middleware_cookie_tests.TestCookieMiddleware" name="test_past_expiration_date" time="0.000594" /><testcase classname="middleware_cookie_tests.TestCookieMiddleware" name="test_with_both_cookies_1" time="0.001576" /><testcase classname="middleware_cookie_tests.TestCookieMiddleware" name="test_with_both_cookies_2" time="0.002246" /><testcase classname="middleware_cookie_tests.TestCookieMiddleware" name="test_with_both_cookies_3" time="0.001100" /><testcase classname="middleware_cookie_tests.TestCookieMiddleware" name="test_wo_sess_cookie_1" time="0.001680" /><testcase classname="middleware_cookie_tests.TestCookieMiddleware" name="test_wo_sess_cookie_2" time="0.001653" /><testcase classname="serpng.lib.google_ads_handler_tests.TestGoogleAdsHandler" name="test_abtest_channel" time="0.000446" /><testcase classname="serpng.lib.google_ads_handler_tests.TestGoogleAdsHandler" name="test_always_pass" time="0.000048" /><testcase classname="serpng.lib.google_ads_handler_tests.TestGoogleAdsHandler" name="test_bad_afs_page_options" time="0.000361" /><testcase classname="serpng.lib.google_ads_handler_tests.TestGoogleAdsHandler" name="test_bad_bottom_ad_units" time="0.000360" /><testcase classname="serpng.lib.google_ads_handler_tests.TestGoogleAdsHandler" name="test_good_afs_page_options" time="0.000397" /><testcase classname="serpng.lib.google_ads_handler_tests.TestGoogleAdsHandler" name="test_good_bottom_ad_units" time="0.000411" /><testcase classname="serpng.lib.google_ads_handler_tests.TestGoogleAdsHandler" name="test_good_rail_ad_units" time="0.000418" /><testcase classname="serpng.lib.google_ads_handler_tests.TestGoogleAdsHandler" name="test_good_top_ad_units_no_repeated" time="0.000414" /><testcase classname="serpng.lib.google_ads_handler_tests.TestGoogleAdsHandler" name="test_good_top_ad_units_with_repeated" time="0.000430" /><testcase classname="middleware_devicedetect_tests.TestMiddlewareDeviceDetect" name="test_is_mobile_device_in_non_us_country" time="0.000040" /><testcase classname="middleware_devicedetect_tests.TestMiddlewareDeviceDetect" name="test_is_mobile_device_uamobile_eq_0" time="0.000036" /><testcase classname="middleware_devicedetect_tests.TestMiddlewareDeviceDetect" name="test_is_mobile_device_uamobile_eq_1" time="0.000033" /><testcase classname="middleware_devicedetect_tests.TestMiddlewareDeviceDetect" name="test_is_mobile_device_uamobile_none" time="0.000033" /><testcase classname="middleware_devicedetect_tests.TestMiddlewareDeviceDetect" name="test_is_mobile_device_uamobile_none_2" time="0.000036" /><testcase classname="middleware_devicedetect_tests.TestMiddlewareDeviceDetect" name="test_not_mobile_device_uamobile_eq_0" time="0.000030" /><testcase classname="middleware_devicedetect_tests.TestMiddlewareDeviceDetect" name="test_not_mobile_device_uamobile_eq_1" time="0.000030" /><testcase classname="middleware_devicedetect_tests.TestMiddlewareDeviceDetect" name="test_not_mobile_device_uamobile_none" time="0.000030" /><testcase classname="middleware_devicedetect_tests.TestMiddlewareDeviceDetect" name="test_not_mobile_device_uamobile_none_2" time="0.000029" /><testcase classname="serpng.jobs.templatetags.related_searches_tests.TestRelatedSearches" name="test_four_related_searches" time="0.000270" /><testcase classname="serpng.jobs.templatetags.related_searches_tests.TestRelatedSearches" name="test_nine_related_searches" time="0.000327" /><testcase classname="serpng.jobs.templatetags.related_searches_tests.TestRelatedSearches" name="test_one_related_search" time="0.000128" /><testcase classname="serpng.jobs.templatetags.related_searches_tests.TestRelatedSearches" name="test_six_related_seraches" time="0.000179" /><testcase classname="middleware_languagecode_and_configloader_tests.TestSerpNGLanguageCodeAndConfigLoaderMiddleware" name="test_always_pass" time="0.000017" /><testcase classname="middleware_languagecode_and_configloader_tests.TestSerpNGLanguageCodeAndConfigLoaderMiddleware" name="test_configs_ca_country" time="0.000273" /><testcase classname="middleware_languagecode_and_configloader_tests.TestSerpNGLanguageCodeAndConfigLoaderMiddleware" name="test_configs_en_ca" time="0.000146" /><testcase classname="middleware_languagecode_and_configloader_tests.TestSerpNGLanguageCodeAndConfigLoaderMiddleware" name="test_configs_en_us" time="0.000145" /><testcase classname="middleware_languagecode_and_configloader_tests.TestSerpNGLanguageCodeAndConfigLoaderMiddleware" name="test_configs_fr_ca" time="0.000135" /><testcase classname="middleware_languagecode_and_configloader_tests.TestSerpNGLanguageCodeAndConfigLoaderMiddleware" name="test_en_ca_hostname" time="0.000140" /><testcase classname="middleware_languagecode_and_configloader_tests.TestSerpNGLanguageCodeAndConfigLoaderMiddleware" name="test_en_us_hostname" time="0.000160" /><testcase classname="middleware_languagecode_and_configloader_tests.TestSerpNGLanguageCodeAndConfigLoaderMiddleware" name="test_fr_ca_hostname" time="0.000162" /><testcase classname="middleware_languagecode_and_configloader_tests.TestSerpNGLanguageCodeAndConfigLoaderMiddleware" name="test_language_code_is_loaded_only_once" time="0.000147" /><testcase classname="middleware_languagecode_and_configloader_tests.TestSerpNGLanguageCodeAndConfigLoaderMiddleware" name="test_no_hostname" time="0.000167" /><testcase classname="middleware_languagecode_and_configloader_tests.TestSerpNGLanguageCodeAndConfigLoaderMiddleware" name="test_use_default_after_language_change" time="0.000277" /><testcase classname="jobs.services.search.user_data_tests.UserDataTestCase" name="test_empty_array_saved_jobs" time="0.000025" /><testcase classname="jobs.services.search.user_data_tests.UserDataTestCase" name="test_good_recent_searches" time="0.000029" /><testcase classname="jobs.services.search.user_data_tests.UserDataTestCase" name="test_good_saved_jobs" time="0.000027" /><testcase classname="jobs.services.search.user_data_tests.UserDataTestCase" name="test_good_user_email" time="0.000028" /><testcase classname="jobs.services.search.user_data_tests.UserDataTestCase" name="test_no_recent_searches" time="0.000018" /><testcase classname="jobs.services.search.user_data_tests.UserDataTestCase" name="test_no_saved_jobs" time="0.000020" /><testcase classname="jobs.services.search.user_data_tests.UserDataTestCase" name="test_no_user_data_in_json_response" time="0.000022" /><testcase classname="jobs.services.search.user_data_tests.UserDataTestCase" name="test_no_user_email" time="0.000018" /><testcase classname="jobs.services.search.user_data_tests.UserDataTestCase" name="test_null_comment_saved_job" time="0.000026" /></testsuite>